/*C2*/SET SCHEMA PUBLIC
INSERT INTO CREDIT_OFFERS VALUES('4028811b7cdfa037017cdfa206130000    ',50000,12,'4028811b7cdbf12a017cdbf12f0f0005    ','4028811b7cdbf12a017cdbf12e750000    ')
COMMIT
INSERT INTO PAYMENT_SCHEDULES VALUES('4028811b7cdfa037017cdfa21b890001    ',3763,917,'2021-12-02',46237,4680,'4028811b7cdfa037017cdfa206130000    ')
COMMIT
INSERT INTO PAYMENT_SCHEDULES VALUES('4028811b7cdfa037017cdfa21b8c0002    ',3832,848,'2022-01-02',42405,4680,'4028811b7cdfa037017cdfa206130000    ')
COMMIT
INSERT INTO PAYMENT_SCHEDULES VALUES('4028811b7cdfa037017cdfa21b8d0003    ',3903,777,'2022-02-02',38502,4680,'4028811b7cdfa037017cdfa206130000    ')
COMMIT
INSERT INTO PAYMENT_SCHEDULES VALUES('4028811b7cdfa037017cdfa21b8e0004    ',3974,706,'2022-03-02',34528,4680,'4028811b7cdfa037017cdfa206130000    ')
COMMIT
INSERT INTO PAYMENT_SCHEDULES VALUES('4028811b7cdfa037017cdfa21b8f0005    ',4047,633,'2022-04-02',30481,4680,'4028811b7cdfa037017cdfa206130000    ')
COMMIT
INSERT INTO PAYMENT_SCHEDULES VALUES('4028811b7cdfa037017cdfa21b900006    ',4121,559,'2022-05-02',26360,4680,'4028811b7cdfa037017cdfa206130000    ')
COMMIT
INSERT INTO PAYMENT_SCHEDULES VALUES('4028811b7cdfa037017cdfa21b910007    ',4197,483,'2022-06-02',22163,4680,'4028811b7cdfa037017cdfa206130000    ')
COMMIT
INSERT INTO PAYMENT_SCHEDULES VALUES('4028811b7cdfa037017cdfa21b920008    ',4274,406,'2022-07-02',17889,4680,'4028811b7cdfa037017cdfa206130000    ')
COMMIT
INSERT INTO PAYMENT_SCHEDULES VALUES('4028811b7cdfa037017cdfa21b940009    ',4352,328,'2022-08-02',13537,4680,'4028811b7cdfa037017cdfa206130000    ')
COMMIT
INSERT INTO PAYMENT_SCHEDULES VALUES('4028811b7cdfa037017cdfa21b95000a    ',4432,248,'2022-09-02',9105,4680,'4028811b7cdfa037017cdfa206130000    ')
COMMIT
INSERT INTO PAYMENT_SCHEDULES VALUES('4028811b7cdfa037017cdfa21b96000b    ',4513,167,'2022-10-02',4592,4680,'4028811b7cdfa037017cdfa206130000    ')
COMMIT
INSERT INTO PAYMENT_SCHEDULES VALUES('4028811b7cdfa037017cdfa21b96000c    ',4592,84,'2022-11-02',0,4676,'4028811b7cdfa037017cdfa206130000    ')
COMMIT
DELETE FROM PAYMENT_SCHEDULES WHERE ID='4028811b7cdfa037017cdfa21b890001    '
COMMIT
DELETE FROM PAYMENT_SCHEDULES WHERE ID='4028811b7cdfa037017cdfa21b8c0002    '
COMMIT
DELETE FROM PAYMENT_SCHEDULES WHERE ID='4028811b7cdfa037017cdfa21b8d0003    '
COMMIT
DELETE FROM PAYMENT_SCHEDULES WHERE ID='4028811b7cdfa037017cdfa21b8e0004    '
COMMIT
DELETE FROM PAYMENT_SCHEDULES WHERE ID='4028811b7cdfa037017cdfa21b8f0005    '
COMMIT
DELETE FROM PAYMENT_SCHEDULES WHERE ID='4028811b7cdfa037017cdfa21b900006    '
COMMIT
DELETE FROM PAYMENT_SCHEDULES WHERE ID='4028811b7cdfa037017cdfa21b910007    '
COMMIT
DELETE FROM PAYMENT_SCHEDULES WHERE ID='4028811b7cdfa037017cdfa21b920008    '
COMMIT
DELETE FROM PAYMENT_SCHEDULES WHERE ID='4028811b7cdfa037017cdfa21b940009    '
COMMIT
DELETE FROM PAYMENT_SCHEDULES WHERE ID='4028811b7cdfa037017cdfa21b95000a    '
COMMIT
DELETE FROM PAYMENT_SCHEDULES WHERE ID='4028811b7cdfa037017cdfa21b96000b    '
COMMIT
DELETE FROM PAYMENT_SCHEDULES WHERE ID='4028811b7cdfa037017cdfa21b96000c    '
COMMIT
DELETE FROM CREDIT_OFFERS WHERE ID='4028811b7cdfa037017cdfa206130000    '
INSERT INTO CREDIT_OFFERS VALUES('4028811b7cdfa037017cdfa206130000    ',50000,14,'4028811b7cdbf12a017cdbf12f0f0005    ','4028811b7cdbf12a017cdbf12e750000    ')
COMMIT
INSERT INTO PAYMENT_SCHEDULES VALUES('4028811b7cdfa037017cdfa242f9000d    ',3221,786,'2021-12-02',46779,4007,'4028811b7cdfa037017cdfa206130000    ')
COMMIT
INSERT INTO PAYMENT_SCHEDULES VALUES('4028811b7cdfa037017cdfa242fa000e    ',3272,735,'2022-01-02',43507,4007,'4028811b7cdfa037017cdfa206130000    ')
COMMIT
INSERT INTO PAYMENT_SCHEDULES VALUES('4028811b7cdfa037017cdfa242fb000f    ',3323,684,'2022-02-02',40184,4007,'4028811b7cdfa037017cdfa206130000    ')
COMMIT
INSERT INTO PAYMENT_SCHEDULES VALUES('4028811b7cdfa037017cdfa242fc0010    ',3376,631,'2022-03-02',36808,4007,'4028811b7cdfa037017cdfa206130000    ')
COMMIT
INSERT INTO PAYMENT_SCHEDULES VALUES('4028811b7cdfa037017cdfa242fd0011    ',3429,578,'2022-04-02',33379,4007,'4028811b7cdfa037017cdfa206130000    ')
COMMIT
INSERT INTO PAYMENT_SCHEDULES VALUES('4028811b7cdfa037017cdfa242fe0012    ',3482,525,'2022-05-02',29897,4007,'4028811b7cdfa037017cdfa206130000    ')
COMMIT
INSERT INTO PAYMENT_SCHEDULES VALUES('4028811b7cdfa037017cdfa242ff0013    ',3537,470,'2022-06-02',26360,4007,'4028811b7cdfa037017cdfa206130000    ')
COMMIT
INSERT INTO PAYMENT_SCHEDULES VALUES('4028811b7cdfa037017cdfa242ff0014    ',3593,414,'2022-07-02',22767,4007,'4028811b7cdfa037017cdfa206130000    ')
COMMIT
INSERT INTO PAYMENT_SCHEDULES VALUES('4028811b7cdfa037017cdfa243010015    ',3649,358,'2022-08-02',19118,4007,'4028811b7cdfa037017cdfa206130000    ')
COMMIT
INSERT INTO PAYMENT_SCHEDULES VALUES('4028811b7cdfa037017cdfa243010016    ',3707,300,'2022-09-02',15411,4007,'4028811b7cdfa037017cdfa206130000    ')
COMMIT
INSERT INTO PAYMENT_SCHEDULES VALUES('4028811b7cdfa037017cdfa243020017    ',3765,242,'2022-10-02',11646,4007,'4028811b7cdfa037017cdfa206130000    ')
COMMIT
INSERT INTO PAYMENT_SCHEDULES VALUES('4028811b7cdfa037017cdfa243030018    ',3824,183,'2022-11-02',7822,4007,'4028811b7cdfa037017cdfa206130000    ')
COMMIT
INSERT INTO PAYMENT_SCHEDULES VALUES('4028811b7cdfa037017cdfa243040019    ',3884,123,'2022-12-02',3938,4007,'4028811b7cdfa037017cdfa206130000    ')
COMMIT
INSERT INTO PAYMENT_SCHEDULES VALUES('4028811b7cdfa037017cdfa24305001a    ',3938,62,'2023-01-02',0,4000,'4028811b7cdfa037017cdfa206130000    ')
COMMIT
